0 info it worked if it ends with ok
1 verbose cli [ 'C:\\Program Files (x86)\\Nodist\\v-x64\\6.11.4\\node.exe',
1 verbose cli   'C:\\Program Files (x86)\\Nodist\\npmv\\4.0.5\\bin\\npm-cli.js',
1 verbose cli   'start' ]
2 info using npm@4.0.5
3 info using node@v6.11.4
4 verbose run-script [ 'prestart', 'start', 'poststart' ]
5 info lifecycle node-session@0.0.0~prestart: node-session@0.0.0
6 warn lifecycle The node binary used for scripts is C:\Program Files (x86)\Nodist\bin\node.exe but npm is using C:\Program Files (x86)\Nodist\v-x64\6.11.4\node.exe itself. Use the `--scripts-prepend-node-path` option to include the path for the node binary npm was executed with.
7 silly lifecycle node-session@0.0.0~prestart: no script for prestart, continuing
8 info lifecycle node-session@0.0.0~start: node-session@0.0.0
9 verbose lifecycle node-session@0.0.0~start: unsafe-perm in lifecycle true
10 verbose lifecycle node-session@0.0.0~start: PATH: C:\Program Files (x86)\Nodist\npmv\4.0.5\bin\node-gyp-bin;C:\Users\杉山大輔\Documents\Node_Session\node_Session\node_modules\.bin;C:\ProgramData\Oracle\Java\javapath;C:\Perl64\site\bin;C:\Perl64\bin;c:\Program Files (x86)\Intel\iCLS Client\;c:\Program Files\Intel\iCLS Client\;C:\Windows\system32;C:\Windows;C:\Windows\System32\Wbem;C:\Windows\System32\WindowsPowerShell\v1.0\;C:\Program Files\Intel\Intel(R) Management Engine Components\DAL;C:\Program Files\Intel\Intel(R) Management Engine Components\IPT;C:\Program Files (x86)\Intel\Intel(R) Management Engine Components\DAL;C:\Program Files (x86)\Intel\Intel(R) Management Engine Components\IPT;C:\Program Files\WinMerge;C:\Windows\system32\config\systemprofile\.dnx\bin;C:\Program Files\Microsoft DNX\Dnvm\;C:\Program Files\Microsoft SQL Server\130\Tools\Binn\;C:\Program Files\MySQL\MySQL Server 5.1\bin;C:\Program Files\Java\jdk1.8.0_92\bin;C:\Program Files\Redis;C:\Program Files\Git\cmd;C:\Program Files\nodejs\;C:\Program Files\TortoiseSVN\bin;C:\xamppphp\php;C:\ProgramData\ComposerSetup\bin;C:\HashiCorp\Vagrant\bin;C:\Program Files (x86)\Nodist\bin;C:\Users\杉山大輔\AppData\Local\Programs\Python\Python36\Scripts\;C:\Users\杉山大輔\AppData\Local\Programs\Python\Python36\;C:\Ruby22-x64\bin;C:\Ruby23-x64\bin;C:\Users\杉山大輔\AppData\Roaming\npm;C:\Program Files\PostgreSQL\9.6\bin\;C:\xampp\mysql\bin;C:\Program Files (x86)\Microsoft VS Code\bin;C:\Users\杉山大輔\AppData\Roaming\Composer\vendor\bin
11 verbose lifecycle node-session@0.0.0~start: CWD: C:\Users\杉山大輔\Documents\Node_Session\node_Session
12 silly lifecycle node-session@0.0.0~start: Args: [ '/d /s /c', 'node ./bin/www' ]
13 silly lifecycle node-session@0.0.0~start: Returned: code: 1  signal: null
14 info lifecycle node-session@0.0.0~start: Failed to exec start script
15 verbose stack Error: node-session@0.0.0 start: `node ./bin/www`
15 verbose stack Exit status 1
15 verbose stack     at EventEmitter.<anonymous> (C:\Program Files (x86)\Nodist\npmv\4.0.5\lib\utils\lifecycle.js:279:16)
15 verbose stack     at emitTwo (events.js:106:13)
15 verbose stack     at EventEmitter.emit (events.js:191:7)
15 verbose stack     at ChildProcess.<anonymous> (C:\Program Files (x86)\Nodist\npmv\4.0.5\lib\utils\spawn.js:40:14)
15 verbose stack     at emitTwo (events.js:106:13)
15 verbose stack     at ChildProcess.emit (events.js:191:7)
15 verbose stack     at maybeClose (internal/child_process.js:920:16)
15 verbose stack     at Process.ChildProcess._handle.onexit (internal/child_process.js:230:5)
16 verbose pkgid node-session@0.0.0
17 verbose cwd C:\Users\杉山大輔\Documents\Node_Session\node_Session
18 error Windows_NT 6.1.7601
19 error argv "C:\\Program Files (x86)\\Nodist\\v-x64\\6.11.4\\node.exe" "C:\\Program Files (x86)\\Nodist\\npmv\\4.0.5\\bin\\npm-cli.js" "start"
20 error node v6.11.4
21 error npm  v4.0.5
22 error code ELIFECYCLE
23 error node-session@0.0.0 start: `node ./bin/www`
23 error Exit status 1
24 error Failed at the node-session@0.0.0 start script 'node ./bin/www'.
24 error Make sure you have the latest version of node.js and npm installed.
24 error If you do, this is most likely a problem with the node-session package,
24 error not with npm itself.
24 error Tell the author that this fails on your system:
24 error     node ./bin/www
24 error You can get information on how to open an issue for this project with:
24 error     npm bugs node-session
24 error Or if that isn't available, you can get their info via:
24 error     npm owner ls node-session
24 error There is likely additional logging output above.
25 verbose exit [ 1, true ]
